benchmark/build/intermediates/manifest_merge_blame_file/benchmark/processBenchmarkManifest/manifest-merger-blame-benchmark-report.txt
1<?xml version="1.0" encoding="utf-8"?>
2<manifest xmlns:android="http://schemas.android.com/apk/res/android"
3    package="com.practice.benchmark" >
4
5    <uses-sdk
5-->manifest\benchmark\tempFile2ProcessTestManifest5081239506349150600.xml:5:5-7:41
6        android:minSdkVersion="26"
6-->manifest\benchmark\tempFile2ProcessTestManifest5081239506349150600.xml:6:9-35
7        android:targetSdkVersion="34" />
7-->manifest\benchmark\tempFile2ProcessTestManifest5081239506349150600.xml:7:9-38
8
9    <instrumentation
9-->manifest\benchmark\tempFile2ProcessTestManifest5081239506349150600.xml:9:5-14:58
10        android:name="androidx.test.runner.AndroidJUnitRunner"
10-->manifest\benchmark\tempFile2ProcessTestManifest5081239506349150600.xml:10:9-63
11        android:functionalTest="false"
11-->manifest\benchmark\tempFile2ProcessTestManifest5081239506349150600.xml:11:9-39
12        android:handleProfiling="false"
12-->manifest\benchmark\tempFile2ProcessTestManifest5081239506349150600.xml:12:9-40
13        android:label="Tests for com.practice.benchmark"
13-->manifest\benchmark\tempFile2ProcessTestManifest5081239506349150600.xml:13:9-57
14        android:targetPackage="com.practice.benchmark" />
14-->manifest\benchmark\tempFile2ProcessTestManifest5081239506349150600.xml:14:9-55
15
16    <uses-permission android:name="android.permission.QUERY_ALL_PACKAGES" />
16-->[androidx.benchmark:benchmark-macro:1.2.0-beta01] AndroidManifest.xml:23:5-25:53
16-->[androidx.benchmark:benchmark-macro:1.2.0-beta01] AndroidManifest.xml:24:9-61
17    <!--
18         Internet permission is required for perfetto trace shell processor http server but
19        it's used to reach localhost only
20    -->
21    <uses-permission android:name="android.permission.INTERNET" />
21-->[androidx.benchmark:benchmark-macro:1.2.0-beta01] AndroidManifest.xml:31:5-67
21-->[androidx.benchmark:benchmark-macro:1.2.0-beta01] AndroidManifest.xml:31:22-64
22    <!--
23    This is needed to write benchmark report data to an external directory during instrumented
24    tests to allow the accompanying androidx.benchmark gradle plugin to pull the reports onto host
25     machine after the tests are done running.
26    -->
27    <uses-permission android:name="android.permission.WRITE_EXTERNAL_STORAGE" />
27-->[androidx.benchmark:benchmark-common:1.2.0-beta01] AndroidManifest.xml:27:5-81
27-->[androidx.benchmark:benchmark-common:1.2.0-beta01] AndroidManifest.xml:27:22-78
28    <uses-permission android:name="android.permission.READ_EXTERNAL_STORAGE" />
29    <uses-permission android:name="android.permission.REORDER_TASKS" />
29-->[androidx.test:core:1.6.1] AndroidManifest.xml:24:5-72
29-->[androidx.test:core:1.6.1] AndroidManifest.xml:24:22-69
30
31    <queries>
31-->[androidx.test:runner:1.6.1] AndroidManifest.xml:24:5-28:15
32        <package android:name="androidx.test.orchestrator" />
32-->[androidx.test:runner:1.6.1] AndroidManifest.xml:25:9-62
32-->[androidx.test:runner:1.6.1] AndroidManifest.xml:25:18-59
33        <package android:name="androidx.test.services" />
33-->[androidx.test:runner:1.6.1] AndroidManifest.xml:26:9-58
33-->[androidx.test:runner:1.6.1] AndroidManifest.xml:26:18-55
34        <package android:name="com.google.android.apps.common.testing.services" />
34-->[androidx.test:runner:1.6.1] AndroidManifest.xml:27:9-83
34-->[androidx.test:runner:1.6.1] AndroidManifest.xml:27:18-80
35    </queries>
36
37    <permission
37-->[androidx.core:core:1.9.0] AndroidManifest.xml:22:5-24:47
38        android:name="com.practice.benchmark.DYNAMIC_RECEIVER_NOT_EXPORTED_PERMISSION"
38-->[androidx.core:core:1.9.0] AndroidManifest.xml:23:9-81
39        android:protectionLevel="signature" />
39-->[androidx.core:core:1.9.0] AndroidManifest.xml:24:9-44
40
41    <uses-permission android:name="com.practice.benchmark.DYNAMIC_RECEIVER_NOT_EXPORTED_PERMISSION" />
41-->[androidx.core:core:1.9.0] AndroidManifest.xml:26:5-97
41-->[androidx.core:core:1.9.0] AndroidManifest.xml:26:22-94
42
43    <application
43-->manifest\benchmark\tempFile2ProcessTestManifest5081239506349150600.xml:16:5-18:19
44        android:appComponentFactory="androidx.core.app.CoreComponentFactory"
44-->[androidx.core:core:1.9.0] AndroidManifest.xml:28:18-86
45        android:debuggable="true"
46        android:extractNativeLibs="false"
47        android:networkSecurityConfig="@xml/network_security_config" >
47-->[androidx.benchmark:benchmark-macro:1.2.0-beta01] AndroidManifest.xml:42:18-78
48        <uses-library android:name="android.test.runner" />
48-->manifest\benchmark\tempFile2ProcessTestManifest5081239506349150600.xml:17:9-60
48-->manifest\benchmark\tempFile2ProcessTestManifest5081239506349150600.xml:17:23-57
49        <!-- Activity used to block background content while benchmarks are running -->
50        <activity
50-->[androidx.benchmark:benchmark-common:1.2.0-beta01] AndroidManifest.xml:32:9-36:20
51            android:name="androidx.benchmark.IsolationActivity"
51-->[androidx.benchmark:benchmark-common:1.2.0-beta01] AndroidManifest.xml:33:13-64
52            android:exported="true"
52-->[androidx.benchmark:benchmark-common:1.2.0-beta01] AndroidManifest.xml:34:13-36
53            android:theme="@android:style/Theme.Light.NoTitleBar.Fullscreen" >
53-->[androidx.benchmark:benchmark-common:1.2.0-beta01] AndroidManifest.xml:35:13-77
54        </activity>
55        <activity
55-->[androidx.test:core:1.6.1] AndroidManifest.xml:27:9-34:20
56            android:name="androidx.test.core.app.InstrumentationActivityInvoker$BootstrapActivity"
56-->[androidx.test:core:1.6.1] AndroidManifest.xml:28:13-99
57            android:exported="true"
57-->[androidx.test:core:1.6.1] AndroidManifest.xml:29:13-36
58            android:theme="@style/WhiteBackgroundTheme" >
58-->[androidx.test:core:1.6.1] AndroidManifest.xml:30:13-56
59            <intent-filter android:priority="-100" >
59-->[androidx.test:core:1.6.1] AndroidManifest.xml:31:13-33:29
59-->[androidx.test:core:1.6.1] AndroidManifest.xml:31:28-51
60                <category android:name="android.intent.category.LAUNCHER" />
60-->[androidx.test:core:1.6.1] AndroidManifest.xml:32:17-77
60-->[androidx.test:core:1.6.1] AndroidManifest.xml:32:27-74
61            </intent-filter>
62        </activity>
63        <activity
63-->[androidx.test:core:1.6.1] AndroidManifest.xml:35:9-42:20
64            android:name="androidx.test.core.app.InstrumentationActivityInvoker$EmptyActivity"
64-->[androidx.test:core:1.6.1] AndroidManifest.xml:36:13-95
65            android:exported="true"
65-->[androidx.test:core:1.6.1] AndroidManifest.xml:37:13-36
66            android:theme="@style/WhiteBackgroundTheme" >
66-->[androidx.test:core:1.6.1] AndroidManifest.xml:38:13-56
67            <intent-filter android:priority="-100" >
67-->[androidx.test:core:1.6.1] AndroidManifest.xml:31:13-33:29
67-->[androidx.test:core:1.6.1] AndroidManifest.xml:31:28-51
68                <category android:name="android.intent.category.LAUNCHER" />
68-->[androidx.test:core:1.6.1] AndroidManifest.xml:32:17-77
68-->[androidx.test:core:1.6.1] AndroidManifest.xml:32:27-74
69            </intent-filter>
70        </activity>
71        <activity
71-->[androidx.test:core:1.6.1] AndroidManifest.xml:43:9-50:20
72            android:name="androidx.test.core.app.InstrumentationActivityInvoker$EmptyFloatingActivity"
72-->[androidx.test:core:1.6.1] AndroidManifest.xml:44:13-103
73            android:exported="true"
73-->[androidx.test:core:1.6.1] AndroidManifest.xml:45:13-36
74            android:theme="@style/WhiteBackgroundDialogTheme" >
74-->[androidx.test:core:1.6.1] AndroidManifest.xml:46:13-62
75            <intent-filter android:priority="-100" >
75-->[androidx.test:core:1.6.1] AndroidManifest.xml:31:13-33:29
75-->[androidx.test:core:1.6.1] AndroidManifest.xml:31:28-51
76                <category android:name="android.intent.category.LAUNCHER" />
76-->[androidx.test:core:1.6.1] AndroidManifest.xml:32:17-77
76-->[androidx.test:core:1.6.1] AndroidManifest.xml:32:27-74
77            </intent-filter>
78        </activity>
79
80        <provider
80-->[androidx.profileinstaller:profileinstaller:1.3.0] AndroidManifest.xml:24:9-32:20
81            android:name="androidx.startup.InitializationProvider"
81-->[androidx.profileinstaller:profileinstaller:1.3.0] AndroidManifest.xml:25:13-67
82            android:authorities="com.practice.benchmark.androidx-startup"
82-->[androidx.profileinstaller:profileinstaller:1.3.0] AndroidManifest.xml:26:13-68
83            android:exported="false" >
83-->[androidx.profileinstaller:profileinstaller:1.3.0] AndroidManifest.xml:27:13-37
84            <meta-data
84-->[androidx.profileinstaller:profileinstaller:1.3.0] AndroidManifest.xml:29:13-31:52
85                android:name="androidx.profileinstaller.ProfileInstallerInitializer"
85-->[androidx.profileinstaller:profileinstaller:1.3.0] AndroidManifest.xml:30:17-85
86                android:value="androidx.startup" />
86-->[androidx.profileinstaller:profileinstaller:1.3.0] AndroidManifest.xml:31:17-49
87        </provider>
88
89        <receiver
89-->[androidx.profileinstaller:profileinstaller:1.3.0] AndroidManifest.xml:34:9-52:20
90            android:name="androidx.profileinstaller.ProfileInstallReceiver"
90-->[androidx.profileinstaller:profileinstaller:1.3.0] AndroidManifest.xml:35:13-76
91            android:directBootAware="false"
91-->[androidx.profileinstaller:profileinstaller:1.3.0] AndroidManifest.xml:36:13-44
92            android:enabled="true"
92-->[androidx.profileinstaller:profileinstaller:1.3.0] AndroidManifest.xml:37:13-35
93            android:exported="true"
93-->[androidx.profileinstaller:profileinstaller:1.3.0] AndroidManifest.xml:38:13-36
94            android:permission="android.permission.DUMP" >
94-->[androidx.profileinstaller:profileinstaller:1.3.0] AndroidManifest.xml:39:13-57
95            <intent-filter>
95-->[androidx.profileinstaller:profileinstaller:1.3.0] AndroidManifest.xml:40:13-42:29
96                <action android:name="androidx.profileinstaller.action.INSTALL_PROFILE" />
96-->[androidx.profileinstaller:profileinstaller:1.3.0] AndroidManifest.xml:41:17-91
96-->[androidx.profileinstaller:profileinstaller:1.3.0] AndroidManifest.xml:41:25-88
97            </intent-filter>
98            <intent-filter>
98-->[androidx.profileinstaller:profileinstaller:1.3.0] AndroidManifest.xml:43:13-45:29
99                <action android:name="androidx.profileinstaller.action.SKIP_FILE" />
99-->[androidx.profileinstaller:profileinstaller:1.3.0] AndroidManifest.xml:44:17-85
99-->[androidx.profileinstaller:profileinstaller:1.3.0] AndroidManifest.xml:44:25-82
100            </intent-filter>
101            <intent-filter>
101-->[androidx.profileinstaller:profileinstaller:1.3.0] AndroidManifest.xml:46:13-48:29
102                <action android:name="androidx.profileinstaller.action.SAVE_PROFILE" />
102-->[androidx.profileinstaller:profileinstaller:1.3.0] AndroidManifest.xml:47:17-88
102-->[androidx.profileinstaller:profileinstaller:1.3.0] AndroidManifest.xml:47:25-85
103            </intent-filter>
104            <intent-filter>
104-->[androidx.profileinstaller:profileinstaller:1.3.0] AndroidManifest.xml:49:13-51:29
105                <action android:name="androidx.profileinstaller.action.BENCHMARK_OPERATION" />
105-->[androidx.profileinstaller:profileinstaller:1.3.0] AndroidManifest.xml:50:17-95
105-->[androidx.profileinstaller:profileinstaller:1.3.0] AndroidManifest.xml:50:25-92
106            </intent-filter>
107        </receiver>
108    </application>
109
110</manifest>